This is pdfTeX, Version 3.1415926-1.40.10 (TeX Live 2009/Debian) (format=pdflatex 2011.2.24)  7 JUL 2011 11:45
entering extended mode
 restricted \write18 enabled.
 %&-line parsing enabled.
**Article.tex
(./Article.tex
LaTeX2e <2009/09/24>
Babel <v3.8l> and hyphenation patterns for english, usenglishmax, dumylang, noh
yphenation, loaded.
(/usr/share/texmf-texlive/tex/latex/base/article.cls
Document Class: article 2007/10/19 v1.4h Standard LaTeX document class
(/usr/share/texmf-texlive/tex/latex/base/size10.clo
File: size10.clo 2007/10/19 v1.4h Standard LaTeX file (size option)
)
\c@part=\count79
\c@section=\count80
\c@subsection=\count81
\c@subsubsection=\count82
\c@paragraph=\count83
\c@subparagraph=\count84
\c@figure=\count85
\c@table=\count86
\abovecaptionskip=\skip41
\belowcaptionskip=\skip42
\bibindent=\dimen102
)
(/usr/share/texmf-texlive/tex/latex/amsmath/amsmath.sty
Package: amsmath 2000/07/18 v2.13 AMS math features
\@mathmargin=\skip43

For additional information on amsmath, use the `?' option.
(/usr/share/texmf-texlive/tex/latex/amsmath/amstext.sty
Package: amstext 2000/06/29 v2.01

(/usr/share/texmf-texlive/tex/latex/amsmath/amsgen.sty
File: amsgen.sty 1999/11/30 v2.0
\@emptytoks=\toks14
\ex@=\dimen103
))
(/usr/share/texmf-texlive/tex/latex/amsmath/amsbsy.sty
Package: amsbsy 1999/11/29 v1.2d
\pmbraise@=\dimen104
)
(/usr/share/texmf-texlive/tex/latex/amsmath/amsopn.sty
Package: amsopn 1999/12/14 v2.01 operator names
)
\inf@bad=\count87
LaTeX Info: Redefining \frac on input line 211.
\uproot@=\count88
\leftroot@=\count89
LaTeX Info: Redefining \overline on input line 307.
\classnum@=\count90
\DOTSCASE@=\count91
LaTeX Info: Redefining \ldots on input line 379.
LaTeX Info: Redefining \dots on input line 382.
LaTeX Info: Redefining \cdots on input line 467.
\Mathstrutbox@=\box26
\strutbox@=\box27
\big@size=\dimen105
LaTeX Font Info:    Redeclaring font encoding OML on input line 567.
LaTeX Font Info:    Redeclaring font encoding OMS on input line 568.
\macc@depth=\count92
\c@MaxMatrixCols=\count93
\dotsspace@=\muskip10
\c@parentequation=\count94
\dspbrk@lvl=\count95
\tag@help=\toks15
\row@=\count96
\column@=\count97
\maxfields@=\count98
\andhelp@=\toks16
\eqnshift@=\dimen106
\alignsep@=\dimen107
\tagshift@=\dimen108
\tagwidth@=\dimen109
\totwidth@=\dimen110
\lineht@=\dimen111
\@envbody=\toks17
\multlinegap=\skip44
\multlinetaggap=\skip45
\mathdisplay@stack=\toks18
LaTeX Info: Redefining \[ on input line 2666.
LaTeX Info: Redefining \] on input line 2667.
)
(/usr/share/texmf-texlive/tex/latex/setspace/setspace.sty
Package: setspace 2000/12/01 6.7 Contributed and Supported LaTeX2e package

Package: `setspace' 6.7 <2000/12/01>
) (/usr/share/texmf-texlive/tex/latex/graphics/graphicx.sty
Package: graphicx 1999/02/16 v1.0f Enhanced LaTeX Graphics (DPC,SPQR)

(/usr/share/texmf-texlive/tex/latex/graphics/keyval.sty
Package: keyval 1999/03/16 v1.13 key=value parser (DPC)
\KV@toks@=\toks19
)
(/usr/share/texmf-texlive/tex/latex/graphics/graphics.sty
Package: graphics 2009/02/05 v1.0o Standard LaTeX Graphics (DPC,SPQR)

(/usr/share/texmf-texlive/tex/latex/graphics/trig.sty
Package: trig 1999/03/16 v1.09 sin cos tan (DPC)
)
(/etc/texmf/tex/latex/config/graphics.cfg
File: graphics.cfg 2009/08/28 v1.8 graphics configuration of TeX Live
)
Package graphics Info: Driver file: pdftex.def on input line 91.

(/usr/share/texmf-texlive/tex/latex/pdftex-def/pdftex.def
File: pdftex.def 2010/03/12 v0.04p Graphics/color for pdfTeX
\Gread@gobject=\count99
))
\Gin@req@height=\dimen112
\Gin@req@width=\dimen113
) (./achemso.sty
Package: achemso 1998/06/01 version 1.0.

(/usr/share/texmf-texlive/tex/latex/cite/overcite.sty
Package: overcite 2003/05/27  v 4.0
)
(/usr/share/texmf-texlive/tex/latex/cite/cite.sty
LaTeX Info: Redefining \cite on input line 285.
LaTeX Info: Redefining \nocite on input line 356.
Package: cite 2009/08/29  v 5.2
LaTeX Info: Redefining \cite on input line 437.
)) (./Article.aux)
\openout1 = `Article.aux'.

LaTeX Font Info:    Checking defaults for OML/cmm/m/it on input line 15.
LaTeX Font Info:    ... okay on input line 15.
LaTeX Font Info:    Checking defaults for T1/cmr/m/n on input line 15.
LaTeX Font Info:    ... okay on input line 15.
LaTeX Font Info:    Checking defaults for OT1/cmr/m/n on input line 15.
LaTeX Font Info:    ... okay on input line 15.
LaTeX Font Info:    Checking defaults for OMS/cmsy/m/n on input line 15.
LaTeX Font Info:    ... okay on input line 15.
LaTeX Font Info:    Checking defaults for OMX/cmex/m/n on input line 15.
LaTeX Font Info:    ... okay on input line 15.
LaTeX Font Info:    Checking defaults for U/cmr/m/n on input line 15.
LaTeX Font Info:    ... okay on input line 15.

(/usr/share/texmf-texlive/tex/context/base/supp-pdf.mkii
[Loading MPS to PDF converter (version 2006.09.02).]
\scratchcounter=\count100
\scratchdimen=\dimen114
\scratchbox=\box28
\nofMPsegments=\count101
\nofMParguments=\count102
\everyMPshowfont=\toks20
\MPscratchCnt=\count103
\MPscratchDim=\dimen115
\MPnumerator=\count104
\everyMPtoPDFconversion=\toks21
) [1

{/var/lib/texmf/fonts/map/pdftex/updmap/pdftex.map}] [2] [3]
<startingconfigurations.png, id=16, 373.395pt x 229.60782pt>
File: startingconfigurations.png Graphic file (type png)

<use startingconfigurations.png> [4] [5 <./startingconfigurations.png>]
[6] <density-location.png, id=29, 469.755pt x 160.6803pt>
File: density-location.png Graphic file (type png)

<use density-location.png> [7 <./density-location.png>]
<molecularframesmall.png, id=35, 160.6803pt x 142.8537pt>
File: molecularframesmall.png Graphic file (type png)

<use molecularframesmall.png>

LaTeX Warning: `!h' float specifier changed to `!ht'.

<molecular-angles.png, id=36, 469.755pt x 198.0198pt>
File: molecular-angles.png Graphic file (type png)

<use molecular-angles.png>

LaTeX Warning: `!h' float specifier changed to `!ht'.

[8] [9 <./molecularframesmall.png> <./molecular-angles.png>]
<density.png, id=47, 469.755pt x 146.2263pt>
File: density.png Graphic file (type png)
 <use density.png> [10 <./density.png>] [11]
Overfull \hbox (0.2737pt too wide) in paragraph at lines 139--140
[]\OT1/cmr/m/n/10 The bi-sec-tor tilt of the wa-ter molecules, $[](\OML/cmm/m/i
t/10 ^^R\OT1/cmr/m/n/10 )$, con-cen-trates around $[](\OML/cmm/m/it/10 ^^R\OT1/
cmr/m/n/10 ) = 0$ within the first few$[]$ above
 []

[12] <h2oangles.png, id=59, 469.755pt x 261.8583pt>
File: h2oangles.png Graphic file (type png)
 <use h2oangles.png>

LaTeX Warning: `!h' float specifier changed to `!ht'.

[13] [14 <./h2oangles.png>] <so2-angles.png, id=68, 477.9456pt x 266.1945pt>
File: so2-angles.png Graphic file (type png)

<use so2-angles.png>
Overfull \hbox (8.18944pt too wide) in paragraph at lines 170--171
 [] 
 []

[15 <./so2-angles.png>]
<so2-angles-transit.png, id=73, 469.755pt x 258.2448pt>
File: so2-angles-transit.png Graphic file (type png)

<use so2-angles-transit.png>

LaTeX Warning: `!h' float specifier changed to `!ht'.

[16] <so2-surface.png, id=77, 216.81pt x 148.1535pt>
File: so2-surface.png Graphic file (type png)
 <use so2-surface.png>

LaTeX Warning: `!h' float specifier changed to `!ht'.

[17 <./so2-angles-transit.png>] [18 <./so2-surface.png>] [19]
<system-surface.png, id=90, 433.62pt x 223.7961pt>
File: system-surface.png Graphic file (type png)
 <use system-surface.png>

LaTeX Warning: `!h' float specifier changed to `!ht'.

[20] (./Article.bbl [21 <./system-surface.png>] [22

] [23]) [24] (./Article.aux) ) 
Here is how much of TeX's memory you used:
 1768 strings out of 495061
 21874 string characters out of 1182621
 76671 words of memory out of 3000000
 4947 multiletter control sequences out of 15000+50000
 9722 words of font info for 35 fonts, out of 3000000 for 9000
 28 hyphenation exceptions out of 8191
 33i,7n,23p,2070b,245s stack positions out of 5000i,500n,10000p,200000b,50000s
</usr/share/texmf-texlive/fonts/type1/public/amsf
onts/cm/cmbx10.pfb></usr/share/texmf-texlive/fonts/type1/public/amsfonts/cm/cmb
x12.pfb></usr/share/texmf-texlive/fonts/type1/public/amsfonts/cm/cmmi10.pfb></u
sr/share/texmf-texlive/fonts/type1/public/amsfonts/cm/cmmi7.pfb></usr/share/tex
mf-texlive/fonts/type1/public/amsfonts/cm/cmr10.pfb></usr/share/texmf-texlive/f
onts/type1/public/amsfonts/cm/cmr12.pfb></usr/share/texmf-texlive/fonts/type1/p
ublic/amsfonts/cm/cmr17.pfb></usr/share/texmf-texlive/fonts/type1/public/amsfon
ts/cm/cmr7.pfb></usr/share/texmf-texlive/fonts/type1/public/amsfonts/cm/cmsl10.
pfb></usr/share/texmf-texlive/fonts/type1/public/amsfonts/cm/cmsy10.pfb></usr/s
hare/texmf-texlive/fonts/type1/public/amsfonts/cm/cmti10.pfb>
Output written on Article.pdf (24 pages, 7547833 bytes).
PDF statistics:
 144 PDF objects out of 1000 (max. 8388607)
 0 named destinations out of 1000 (max. 500000)
 51 words of extra memory for PDF output out of 10000 (max. 10000000)

